2024-02-04T15:46:05.825+05:30  INFO 14060 --- [PRODUCT-SERVICE] [main] com.product.ProductServiceApplication    : Starting ProductServiceApplication using Java 21.0.2 with PID 14060 (C:\Users\tejgupta\Documents\Personal_Projects\Ecommerce\product-service\target\classes started by tejgupta in C:\Users\tejgupta\Documents\Personal_Projects\Ecommerce\product-service)
2024-02-04T15:46:05.829+05:30  INFO 14060 --- [PRODUCT-SERVICE] [main] com.product.ProductServiceApplication    : No active profile set, falling back to 1 default profile: "default"
2024-02-04T15:46:05.882+05:30  INFO 14060 --- [PRODUCT-SERVICE] [main] o.s.c.c.c.ConfigServerConfigDataLoader   : Fetching config from server at : http://localhost:9101
2024-02-04T15:46:05.884+05:30  INFO 14060 --- [PRODUCT-SERVICE] [main] o.s.c.c.c.ConfigServerConfigDataLoader   : Located environment: name=PRODUCT-SERVICE, profiles=[default], label=null, version=81ef06a5c13efd8a22e35e7ece282a902b2e94f3, state=null
2024-02-04T15:46:07.084+05:30  INFO 14060 --- [PRODUCT-SERVICE] [main] .s.d.r.c.RepositoryConfigurationDelegate : Bootstrapping Spring Data JPA repositories in DEFAULT mode.
2024-02-04T15:46:07.311+05:30  INFO 14060 --- [PRODUCT-SERVICE] [main] .s.d.r.c.RepositoryConfigurationDelegate : Finished Spring Data repository scanning in 216 ms. Found 2 JPA repository interfaces.
2024-02-04T15:46:07.704+05:30  INFO 14060 --- [PRODUCT-SERVICE] [main] o.s.cloud.context.scope.GenericScope     : BeanFactory id=ee967b3e-5d2e-31b8-add2-0a25bb5267a3
2024-02-04T15:46:07.916+05:30  WARN 14060 --- [PRODUCT-SERVICE] [main] trationDelegate$BeanPostProcessorChecker : Bean 'org.springframework.cloud.client.loadbalancer.LoadBalancerAutoConfiguration$LoadBalancerInterceptorConfig' of type [org.springframework.cloud.client.loadbalancer.LoadBalancerAutoConfiguration$LoadBalancerInterceptorConfig] is not eligible for getting processed by all BeanPostProcessors (for example: not eligible for auto-proxying). The currently created BeanPostProcessor [lbRestClientPostProcessor] is declared through a non-static factory method on that class; consider declaring it as static instead.
2024-02-04T15:46:07.918+05:30  WARN 14060 --- [PRODUCT-SERVICE] [main] trationDelegate$BeanPostProcessorChecker : Bean 'org.springframework.cloud.loadbalancer.config.BlockingLoadBalancerClientAutoConfiguration' of type [org.springframework.cloud.loadbalancer.config.BlockingLoadBalancerClientAutoConfiguration] is not eligible for getting processed by all BeanPostProcessors (for example: not eligible for auto-proxying). Is this bean getting eagerly injected into a currently created BeanPostProcessor [lbRestClientPostProcessor]? Check the corresponding BeanPostProcessor declaration and its dependencies.
2024-02-04T15:46:07.920+05:30  WARN 14060 --- [PRODUCT-SERVICE] [main] trationDelegate$BeanPostProcessorChecker : Bean 'org.springframework.cloud.loadbalancer.config.LoadBalancerAutoConfiguration' of type [org.springframework.cloud.loadbalancer.config.LoadBalancerAutoConfiguration] is not eligible for getting processed by all BeanPostProcessors (for example: not eligible for auto-proxying). Is this bean getting eagerly injected into a currently created BeanPostProcessor [lbRestClientPostProcessor]? Check the corresponding BeanPostProcessor declaration and its dependencies.
2024-02-04T15:46:07.934+05:30  WARN 14060 --- [PRODUCT-SERVICE] [main] trationDelegate$BeanPostProcessorChecker : Bean 'org.springframework.cloud.commons.config.CommonsConfigAutoConfiguration' of type [org.springframework.cloud.commons.config.CommonsConfigAutoConfiguration] is not eligible for getting processed by all BeanPostProcessors (for example: not eligible for auto-proxying). Is this bean getting eagerly injected into a currently created BeanPostProcessor [lbRestClientPostProcessor]? Check the corresponding BeanPostProcessor declaration and its dependencies.
2024-02-04T15:46:07.937+05:30  WARN 14060 --- [PRODUCT-SERVICE] [main] trationDelegate$BeanPostProcessorChecker : Bean 'org.springframework.cloud.client.loadbalancer.LoadBalancerDefaultMappingsProviderAutoConfiguration' of type [org.springframework.cloud.client.loadbalancer.LoadBalancerDefaultMappingsProviderAutoConfiguration] is not eligible for getting processed by all BeanPostProcessors (for example: not eligible for auto-proxying). Is this bean getting eagerly injected into a currently created BeanPostProcessor [lbRestClientPostProcessor]? Check the corresponding BeanPostProcessor declaration and its dependencies.
2024-02-04T15:46:07.938+05:30  WARN 14060 --- [PRODUCT-SERVICE] [main] trationDelegate$BeanPostProcessorChecker : Bean 'loadBalancerClientsDefaultsMappingsProvider' of type [org.springframework.cloud.client.loadbalancer.LoadBalancerDefaultMappingsProviderAutoConfiguration$$Lambda/0x0000017781400e88] is not eligible for getting processed by all BeanPostProcessors (for example: not eligible for auto-proxying). Is this bean getting eagerly injected into a currently created BeanPostProcessor [lbRestClientPostProcessor]? Check the corresponding BeanPostProcessor declaration and its dependencies.
2024-02-04T15:46:07.940+05:30  WARN 14060 --- [PRODUCT-SERVICE] [main] trationDelegate$BeanPostProcessorChecker : Bean 'defaultsBindHandlerAdvisor' of type [org.springframework.cloud.commons.config.DefaultsBindHandlerAdvisor] is not eligible for getting processed by all BeanPostProcessors (for example: not eligible for auto-proxying). Is this bean getting eagerly injected into a currently created BeanPostProcessor [lbRestClientPostProcessor]? Check the corresponding BeanPostProcessor declaration and its dependencies.
2024-02-04T15:46:07.952+05:30  WARN 14060 --- [PRODUCT-SERVICE] [main] trationDelegate$BeanPostProcessorChecker : Bean 'spring.cloud.loadbalancer-org.springframework.cloud.client.loadbalancer.LoadBalancerClientsProperties' of type [org.springframework.cloud.client.loadbalancer.LoadBalancerClientsProperties] is not eligible for getting processed by all BeanPostProcessors (for example: not eligible for auto-proxying). Is this bean getting eagerly injected into a currently created BeanPostProcessor [lbRestClientPostProcessor]? Check the corresponding BeanPostProcessor declaration and its dependencies.
2024-02-04T15:46:07.960+05:30  WARN 14060 --- [PRODUCT-SERVICE] [main] trationDelegate$BeanPostProcessorChecker : Bean 'default.org.springframework.cloud.loadbalancer.config.LoadBalancerAutoConfiguration.LoadBalancerClientSpecification' of type [org.springframework.cloud.loadbalancer.annotation.LoadBalancerClientSpecification] is not eligible for getting processed by all BeanPostProcessors (for example: not eligible for auto-proxying). Is this bean getting eagerly injected into a currently created BeanPostProcessor [lbRestClientPostProcessor]? Check the corresponding BeanPostProcessor declaration and its dependencies.
2024-02-04T15:46:07.961+05:30  WARN 14060 --- [PRODUCT-SERVICE] [main] trationDelegate$BeanPostProcessorChecker : Bean 'default.org.springframework.cloud.loadbalancer.config.BlockingLoadBalancerClientAutoConfiguration.LoadBalancerClientSpecification' of type [org.springframework.cloud.loadbalancer.annotation.LoadBalancerClientSpecification] is not eligible for getting processed by all BeanPostProcessors (for example: not eligible for auto-proxying). Is this bean getting eagerly injected into a currently created BeanPostProcessor [lbRestClientPostProcessor]? Check the corresponding BeanPostProcessor declaration and its dependencies.
2024-02-04T15:46:07.962+05:30  WARN 14060 --- [PRODUCT-SERVICE] [main] trationDelegate$BeanPostProcessorChecker : Bean 'default.org.springframework.cloud.netflix.eureka.loadbalancer.LoadBalancerEurekaAutoConfiguration.LoadBalancerClientSpecification' of type [org.springframework.cloud.loadbalancer.annotation.LoadBalancerClientSpecification] is not eligible for getting processed by all BeanPostProcessors (for example: not eligible for auto-proxying). Is this bean getting eagerly injected into a currently created BeanPostProcessor [lbRestClientPostProcessor]? Check the corresponding BeanPostProcessor declaration and its dependencies.
2024-02-04T15:46:07.964+05:30  WARN 14060 --- [PRODUCT-SERVICE] [main] trationDelegate$BeanPostProcessorChecker : Bean 'loadBalancerClientFactory' of type [org.springframework.cloud.loadbalancer.support.LoadBalancerClientFactory] is not eligible for getting processed by all BeanPostProcessors (for example: not eligible for auto-proxying). Is this bean getting eagerly injected into a currently created BeanPostProcessor [lbRestClientPostProcessor]? Check the corresponding BeanPostProcessor declaration and its dependencies.
2024-02-04T15:46:07.970+05:30  WARN 14060 --- [PRODUCT-SERVICE] [main] trationDelegate$BeanPostProcessorChecker : Bean 'blockingLoadBalancerClient' of type [org.springframework.cloud.loadbalancer.blocking.client.BlockingLoadBalancerClient] is not eligible for getting processed by all BeanPostProcessors (for example: not eligible for auto-proxying). Is this bean getting eagerly injected into a currently created BeanPostProcessor [lbRestClientPostProcessor]? Check the corresponding BeanPostProcessor declaration and its dependencies.
2024-02-04T15:46:07.982+05:30  WARN 14060 --- [PRODUCT-SERVICE] [main] trationDelegate$BeanPostProcessorChecker : Bean 'loadBalancerServiceInstanceCookieTransformer' of type [org.springframework.cloud.loadbalancer.core.LoadBalancerServiceInstanceCookieTransformer] is not eligible for getting processed by all BeanPostProcessors (for example: not eligible for auto-proxying). Is this bean getting eagerly injected into a currently created BeanPostProcessor [lbRestClientPostProcessor]? Check the corresponding BeanPostProcessor declaration and its dependencies.
2024-02-04T15:46:07.983+05:30  WARN 14060 --- [PRODUCT-SERVICE] [main] trationDelegate$BeanPostProcessorChecker : Bean 'xForwarderHeadersTransformer' of type [org.springframework.cloud.loadbalancer.blocking.XForwardedHeadersTransformer] is not eligible for getting processed by all BeanPostProcessors (for example: not eligible for auto-proxying). Is this bean getting eagerly injected into a currently created BeanPostProcessor [lbRestClientPostProcessor]? Check the corresponding BeanPostProcessor declaration and its dependencies.
2024-02-04T15:46:07.984+05:30  WARN 14060 --- [PRODUCT-SERVICE] [main] trationDelegate$BeanPostProcessorChecker : Bean 'org.springframework.cloud.client.loadbalancer.LoadBalancerAutoConfiguration' of type [org.springframework.cloud.client.loadbalancer.LoadBalancerAutoConfiguration] is not eligible for getting processed by all BeanPostProcessors (for example: not eligible for auto-proxying). Is this bean getting eagerly injected into a currently created BeanPostProcessor [lbRestClientPostProcessor]? Check the corresponding BeanPostProcessor declaration and its dependencies.
2024-02-04T15:46:07.987+05:30  WARN 14060 --- [PRODUCT-SERVICE] [main] trationDelegate$BeanPostProcessorChecker : Bean 'loadBalancerRequestFactory' of type [org.springframework.cloud.client.loadbalancer.LoadBalancerRequestFactory] is not eligible for getting processed by all BeanPostProcessors (for example: not eligible for auto-proxying). Is this bean getting eagerly injected into a currently created BeanPostProcessor [lbRestClientPostProcessor]? Check the corresponding BeanPostProcessor declaration and its dependencies.
2024-02-04T15:46:07.988+05:30  WARN 14060 --- [PRODUCT-SERVICE] [main] trationDelegate$BeanPostProcessorChecker : Bean 'loadBalancerInterceptor' of type [org.springframework.cloud.client.loadbalancer.LoadBalancerInterceptor] is not eligible for getting processed by all BeanPostProcessors (for example: not eligible for auto-proxying). Is this bean getting eagerly injected into a currently created BeanPostProcessor [lbRestClientPostProcessor]? Check the corresponding BeanPostProcessor declaration and its dependencies.
2024-02-04T15:46:08.373+05:30  INFO 14060 --- [PRODUCT-SERVICE] [main] o.s.b.w.embedded.tomcat.TomcatWebServer  : Tomcat initialized with port 8082 (http)
2024-02-04T15:46:08.395+05:30  INFO 14060 --- [PRODUCT-SERVICE] [main] o.apache.catalina.core.StandardService   : Starting service [Tomcat]
2024-02-04T15:46:08.396+05:30  INFO 14060 --- [PRODUCT-SERVICE] [main] o.apache.catalina.core.StandardEngine    : Starting Servlet engine: [Apache Tomcat/10.1.18]
2024-02-04T15:46:08.524+05:30  INFO 14060 --- [PRODUCT-SERVICE] [main] o.a.c.c.C.[Tomcat].[localhost].[/]       : Initializing Spring embedded WebApplicationContext
2024-02-04T15:46:08.525+05:30  INFO 14060 --- [PRODUCT-SERVICE] [main] w.s.c.ServletWebServerApplicationContext : Root WebApplicationContext: initialization completed in 2639 ms
2024-02-04T15:46:08.807+05:30  INFO 14060 --- [PRODUCT-SERVICE] [main] o.hibernate.jpa.internal.util.LogHelper  : HHH000204: Processing PersistenceUnitInfo [name: default]
2024-02-04T15:46:08.917+05:30  INFO 14060 --- [PRODUCT-SERVICE] [main] org.hibernate.Version                    : HHH000412: Hibernate ORM core version 6.4.1.Final
2024-02-04T15:46:08.976+05:30  INFO 14060 --- [PRODUCT-SERVICE] [main] o.h.c.internal.RegionFactoryInitiator    : HHH000026: Second-level cache disabled
2024-02-04T15:46:09.413+05:30  INFO 14060 --- [PRODUCT-SERVICE] [main] o.s.o.j.p.SpringPersistenceUnitInfo      : No LoadTimeWeaver setup: ignoring JPA class transformer
2024-02-04T15:46:09.516+05:30  INFO 14060 --- [PRODUCT-SERVICE] [main] com.zaxxer.hikari.HikariDataSource       : HikariPool-1 - Starting...
2024-02-04T15:46:10.800+05:30  INFO 14060 --- [PRODUCT-SERVICE] [main] com.zaxxer.hikari.pool.HikariPool        : HikariPool-1 - Added connection com.mysql.cj.jdbc.ConnectionImpl@5cc075da
2024-02-04T15:46:10.803+05:30  INFO 14060 --- [PRODUCT-SERVICE] [main] com.zaxxer.hikari.HikariDataSource       : HikariPool-1 - Start completed.
2024-02-04T15:46:12.792+05:30  INFO 14060 --- [PRODUCT-SERVICE] [main] o.h.e.t.j.p.i.JtaPlatformInitiator       : HHH000489: No JTA platform available (set 'hibernate.transaction.jta.platform' to enable JTA platform integration)
2024-02-04T15:46:13.076+05:30  INFO 14060 --- [PRODUCT-SERVICE] [main] j.LocalContainerEntityManagerFactoryBean : Initialized JPA EntityManagerFactory for persistence unit 'default'
2024-02-04T15:46:13.905+05:30  WARN 14060 --- [PRODUCT-SERVICE] [main] JpaBaseConfiguration$JpaWebConfiguration : spring.jpa.open-in-view is enabled by default. Therefore, database queries may be performed during view rendering. Explicitly configure spring.jpa.open-in-view to disable this warning
2024-02-04T15:46:14.774+05:30  INFO 14060 --- [PRODUCT-SERVICE] [main] DiscoveryClientOptionalArgsConfiguration : Eureka HTTP Client uses RestTemplate.
2024-02-04T15:46:14.835+05:30  WARN 14060 --- [PRODUCT-SERVICE] [main] iguration$LoadBalancerCaffeineWarnLogger : Spring Cloud LoadBalancer is currently working with the default cache. While this cache implementation is useful for development and tests, it's recommended to use Caffeine cache in production.You can switch to using Caffeine cache, by adding it and org.springframework.cache.caffeine.CaffeineCacheManager to the classpath.
2024-02-04T15:46:14.872+05:30  INFO 14060 --- [PRODUCT-SERVICE] [main] o.s.c.n.eureka.InstanceInfoFactory       : Setting initial instance status as: STARTING
2024-02-04T15:46:15.059+05:30  INFO 14060 --- [PRODUCT-SERVICE] [main] com.netflix.discovery.DiscoveryClient    : Initializing Eureka in region us-east-1
2024-02-04T15:46:15.068+05:30  INFO 14060 --- [PRODUCT-SERVICE] [main] c.n.d.s.r.aws.ConfigClusterResolver      : Resolving eureka endpoints via configuration
2024-02-04T15:46:15.110+05:30  INFO 14060 --- [PRODUCT-SERVICE] [main] com.netflix.discovery.DiscoveryClient    : Disable delta property : false
2024-02-04T15:46:15.110+05:30  INFO 14060 --- [PRODUCT-SERVICE] [main] com.netflix.discovery.DiscoveryClient    : Single vip registry refresh property : null
2024-02-04T15:46:15.110+05:30  INFO 14060 --- [PRODUCT-SERVICE] [main] com.netflix.discovery.DiscoveryClient    : Force full registry fetch : false
2024-02-04T15:46:15.111+05:30  INFO 14060 --- [PRODUCT-SERVICE] [main] com.netflix.discovery.DiscoveryClient    : Application is null : false
2024-02-04T15:46:15.111+05:30  INFO 14060 --- [PRODUCT-SERVICE] [main] com.netflix.discovery.DiscoveryClient    : Registered Applications size is zero : true
2024-02-04T15:46:15.111+05:30  INFO 14060 --- [PRODUCT-SERVICE] [main] com.netflix.discovery.DiscoveryClient    : Application version is -1: true
2024-02-04T15:46:15.111+05:30  INFO 14060 --- [PRODUCT-SERVICE] [main] com.netflix.discovery.DiscoveryClient    : Getting all instance registry info from the eureka server
2024-02-04T15:46:15.444+05:30  INFO 14060 --- [PRODUCT-SERVICE] [main] com.netflix.discovery.DiscoveryClient    : The response status is 200
2024-02-04T15:46:15.447+05:30  INFO 14060 --- [PRODUCT-SERVICE] [main] com.netflix.discovery.DiscoveryClient    : Starting heartbeat executor: renew interval is: 30
2024-02-04T15:46:15.451+05:30  INFO 14060 --- [PRODUCT-SERVICE] [main] c.n.discovery.InstanceInfoReplicator     : InstanceInfoReplicator onDemand update allowed rate per min is 4
2024-02-04T15:46:15.461+05:30  INFO 14060 --- [PRODUCT-SERVICE] [main] com.netflix.discovery.DiscoveryClient    : Discovery Client initialized at timestamp 1707041775460 with initial instances count: 3
2024-02-04T15:46:15.469+05:30  INFO 14060 --- [PRODUCT-SERVICE] [main] o.s.c.n.e.s.EurekaServiceRegistry        : Registering application PRODUCT-SERVICE with eureka with status UP
2024-02-04T15:46:15.473+05:30  INFO 14060 --- [PRODUCT-SERVICE] [main] com.netflix.discovery.DiscoveryClient    : Saw local status change event StatusChangeEvent [timestamp=1707041775473, current=UP, previous=STARTING]
2024-02-04T15:46:15.477+05:30  INFO 14060 --- [PRODUCT-SERVICE] [DiscoveryClient-InstanceInfoReplicator-0] com.netflix.discovery.DiscoveryClient    : DiscoveryClient_PRODUCT-SERVICE/DESKTOP-T2O8CP6.cisco.com:PRODUCT-SERVICE:8082: registering service...
2024-02-04T15:46:15.519+05:30  INFO 14060 --- [PRODUCT-SERVICE] [main] o.s.b.w.embedded.tomcat.TomcatWebServer  : Tomcat started on port 8082 (http) with context path ''
2024-02-04T15:46:15.521+05:30  INFO 14060 --- [PRODUCT-SERVICE] [main] .s.c.n.e.s.EurekaAutoServiceRegistration : Updating port to 8082
2024-02-04T15:46:15.547+05:30  INFO 14060 --- [PRODUCT-SERVICE] [main] com.product.ProductServiceApplication    : Started ProductServiceApplication in 11.97 seconds (process running for 12.674)
2024-02-04T15:46:15.559+05:30  INFO 14060 --- [PRODUCT-SERVICE] [DiscoveryClient-InstanceInfoReplicator-0] com.netflix.discovery.DiscoveryClient    : DiscoveryClient_PRODUCT-SERVICE/DESKTOP-T2O8CP6.cisco.com:PRODUCT-SERVICE:8082 - registration status: 204
2024-02-04T15:47:01.826+05:30  INFO 14060 --- [PRODUCT-SERVICE] [SpringApplicationShutdownHook] o.s.c.n.e.s.EurekaServiceRegistry        : Unregistering application PRODUCT-SERVICE with eureka with status DOWN
2024-02-04T15:47:01.826+05:30  INFO 14060 --- [PRODUCT-SERVICE] [SpringApplicationShutdownHook] com.netflix.discovery.DiscoveryClient    : Saw local status change event StatusChangeEvent [timestamp=1707041821826, current=DOWN, previous=UP]
2024-02-04T15:47:01.826+05:30  INFO 14060 --- [PRODUCT-SERVICE] [DiscoveryClient-InstanceInfoReplicator-0] com.netflix.discovery.DiscoveryClient    : DiscoveryClient_PRODUCT-SERVICE/DESKTOP-T2O8CP6.cisco.com:PRODUCT-SERVICE:8082: registering service...
2024-02-04T15:47:01.834+05:30  INFO 14060 --- [PRODUCT-SERVICE] [SpringApplicationShutdownHook] j.LocalContainerEntityManagerFactoryBean : Closing JPA EntityManagerFactory for persistence unit 'default'
2024-02-04T15:47:01.836+05:30  INFO 14060 --- [PRODUCT-SERVICE] [SpringApplicationShutdownHook] com.zaxxer.hikari.HikariDataSource       : HikariPool-1 - Shutdown initiated...
2024-02-04T15:47:01.838+05:30  INFO 14060 --- [PRODUCT-SERVICE] [DiscoveryClient-InstanceInfoReplicator-0] com.netflix.discovery.DiscoveryClient    : DiscoveryClient_PRODUCT-SERVICE/DESKTOP-T2O8CP6.cisco.com:PRODUCT-SERVICE:8082 - registration status: 204
2024-02-04T15:47:02.171+05:30  INFO 14060 --- [PRODUCT-SERVICE] [SpringApplicationShutdownHook] com.zaxxer.hikari.HikariDataSource       : HikariPool-1 - Shutdown completed.
2024-02-04T15:47:02.172+05:30  INFO 14060 --- [PRODUCT-SERVICE] [SpringApplicationShutdownHook] com.netflix.discovery.DiscoveryClient    : Shutting down DiscoveryClient ...
2024-02-04T15:47:05.174+05:30  INFO 14060 --- [PRODUCT-SERVICE] [SpringApplicationShutdownHook] com.netflix.discovery.DiscoveryClient    : Unregistering ...
2024-02-04T15:47:05.190+05:30  INFO 14060 --- [PRODUCT-SERVICE] [SpringApplicationShutdownHook] com.netflix.discovery.DiscoveryClient    : DiscoveryClient_PRODUCT-SERVICE/DESKTOP-T2O8CP6.cisco.com:PRODUCT-SERVICE:8082 - deregister  status: 200
2024-02-04T15:47:05.194+05:30  INFO 14060 --- [PRODUCT-SERVICE] [SpringApplicationShutdownHook] com.netflix.discovery.DiscoveryClient    : Completed shut down of DiscoveryClient
2024-02-04T15:47:13.369+05:30  INFO 11100 --- [PRODUCT-SERVICE] [main] com.product.ProductServiceApplication    : Starting ProductServiceApplication using Java 21.0.2 with PID 11100 (C:\Users\tejgupta\Documents\Personal_Projects\Ecommerce\product-service\target\classes started by tejgupta in C:\Users\tejgupta\Documents\Personal_Projects\Ecommerce\product-service)
2024-02-04T15:47:13.376+05:30  INFO 11100 --- [PRODUCT-SERVICE] [main] com.product.ProductServiceApplication    : No active profile set, falling back to 1 default profile: "default"
2024-02-04T15:47:13.484+05:30  INFO 11100 --- [PRODUCT-SERVICE] [main] o.s.c.c.c.ConfigServerConfigDataLoader   : Fetching config from server at : http://localhost:9101
2024-02-04T15:47:13.485+05:30  INFO 11100 --- [PRODUCT-SERVICE] [main] o.s.c.c.c.ConfigServerConfigDataLoader   : Located environment: name=PRODUCT-SERVICE, profiles=[default], label=null, version=81ef06a5c13efd8a22e35e7ece282a902b2e94f3, state=null
2024-02-04T15:47:15.268+05:30  INFO 11100 --- [PRODUCT-SERVICE] [main] .s.d.r.c.RepositoryConfigurationDelegate : Bootstrapping Spring Data JPA repositories in DEFAULT mode.
2024-02-04T15:47:15.802+05:30  INFO 11100 --- [PRODUCT-SERVICE] [main] .s.d.r.c.RepositoryConfigurationDelegate : Finished Spring Data repository scanning in 511 ms. Found 2 JPA repository interfaces.
2024-02-04T15:47:16.500+05:30  INFO 11100 --- [PRODUCT-SERVICE] [main] o.s.cloud.context.scope.GenericScope     : BeanFactory id=ee967b3e-5d2e-31b8-add2-0a25bb5267a3
2024-02-04T15:47:16.907+05:30  WARN 11100 --- [PRODUCT-SERVICE] [main] trationDelegate$BeanPostProcessorChecker : Bean 'org.springframework.cloud.client.loadbalancer.LoadBalancerAutoConfiguration$LoadBalancerInterceptorConfig' of type [org.springframework.cloud.client.loadbalancer.LoadBalancerAutoConfiguration$LoadBalancerInterceptorConfig] is not eligible for getting processed by all BeanPostProcessors (for example: not eligible for auto-proxying). The currently created BeanPostProcessor [lbRestClientPostProcessor] is declared through a non-static factory method on that class; consider declaring it as static instead.
2024-02-04T15:47:16.911+05:30  WARN 11100 --- [PRODUCT-SERVICE] [main] trationDelegate$BeanPostProcessorChecker : Bean 'org.springframework.cloud.loadbalancer.config.BlockingLoadBalancerClientAutoConfiguration' of type [org.springframework.cloud.loadbalancer.config.BlockingLoadBalancerClientAutoConfiguration] is not eligible for getting processed by all BeanPostProcessors (for example: not eligible for auto-proxying). Is this bean getting eagerly injected into a currently created BeanPostProcessor [lbRestClientPostProcessor]? Check the corresponding BeanPostProcessor declaration and its dependencies.
2024-02-04T15:47:16.914+05:30  WARN 11100 --- [PRODUCT-SERVICE] [main] trationDelegate$BeanPostProcessorChecker : Bean 'org.springframework.cloud.loadbalancer.config.LoadBalancerAutoConfiguration' of type [org.springframework.cloud.loadbalancer.config.LoadBalancerAutoConfiguration] is not eligible for getting processed by all BeanPostProcessors (for example: not eligible for auto-proxying). Is this bean getting eagerly injected into a currently created BeanPostProcessor [lbRestClientPostProcessor]? Check the corresponding BeanPostProcessor declaration and its dependencies.
2024-02-04T15:47:16.936+05:30  WARN 11100 --- [PRODUCT-SERVICE] [main] trationDelegate$BeanPostProcessorChecker : Bean 'org.springframework.cloud.commons.config.CommonsConfigAutoConfiguration' of type [org.springframework.cloud.commons.config.CommonsConfigAutoConfiguration] is not eligible for getting processed by all BeanPostProcessors (for example: not eligible for auto-proxying). Is this bean getting eagerly injected into a currently created BeanPostProcessor [lbRestClientPostProcessor]? Check the corresponding BeanPostProcessor declaration and its dependencies.
2024-02-04T15:47:16.940+05:30  WARN 11100 --- [PRODUCT-SERVICE] [main] trationDelegate$BeanPostProcessorChecker : Bean 'org.springframework.cloud.client.loadbalancer.LoadBalancerDefaultMappingsProviderAutoConfiguration' of type [org.springframework.cloud.client.loadbalancer.LoadBalancerDefaultMappingsProviderAutoConfiguration] is not eligible for getting processed by all BeanPostProcessors (for example: not eligible for auto-proxying). Is this bean getting eagerly injected into a currently created BeanPostProcessor [lbRestClientPostProcessor]? Check the corresponding BeanPostProcessor declaration and its dependencies.
2024-02-04T15:47:16.944+05:30  WARN 11100 --- [PRODUCT-SERVICE] [main] trationDelegate$BeanPostProcessorChecker : Bean 'loadBalancerClientsDefaultsMappingsProvider' of type [org.springframework.cloud.client.loadbalancer.LoadBalancerDefaultMappingsProviderAutoConfiguration$$Lambda/0x000002069d407040] is not eligible for getting processed by all BeanPostProcessors (for example: not eligible for auto-proxying). Is this bean getting eagerly injected into a currently created BeanPostProcessor [lbRestClientPostProcessor]? Check the corresponding BeanPostProcessor declaration and its dependencies.
2024-02-04T15:47:16.947+05:30  WARN 11100 --- [PRODUCT-SERVICE] [main] trationDelegate$BeanPostProcessorChecker : Bean 'defaultsBindHandlerAdvisor' of type [org.springframework.cloud.commons.config.DefaultsBindHandlerAdvisor] is not eligible for getting processed by all BeanPostProcessors (for example: not eligible for auto-proxying). Is this bean getting eagerly injected into a currently created BeanPostProcessor [lbRestClientPostProcessor]? Check the corresponding BeanPostProcessor declaration and its dependencies.
2024-02-04T15:47:16.980+05:30  WARN 11100 --- [PRODUCT-SERVICE] [main] trationDelegate$BeanPostProcessorChecker : Bean 'spring.cloud.loadbalancer-org.springframework.cloud.client.loadbalancer.LoadBalancerClientsProperties' of type [org.springframework.cloud.client.loadbalancer.LoadBalancerClientsProperties] is not eligible for getting processed by all BeanPostProcessors (for example: not eligible for auto-proxying). Is this bean getting eagerly injected into a currently created BeanPostProcessor [lbRestClientPostProcessor]? Check the corresponding BeanPostProcessor declaration and its dependencies.
2024-02-04T15:47:17.002+05:30  WARN 11100 --- [PRODUCT-SERVICE] [main] trationDelegate$BeanPostProcessorChecker : Bean 'default.org.springframework.cloud.loadbalancer.config.LoadBalancerAutoConfiguration.LoadBalancerClientSpecification' of type [org.springframework.cloud.loadbalancer.annotation.LoadBalancerClientSpecification] is not eligible for getting processed by all BeanPostProcessors (for example: not eligible for auto-proxying). Is this bean getting eagerly injected into a currently created BeanPostProcessor [lbRestClientPostProcessor]? Check the corresponding BeanPostProcessor declaration and its dependencies.
2024-02-04T15:47:17.006+05:30  WARN 11100 --- [PRODUCT-SERVICE] [main] trationDelegate$BeanPostProcessorChecker : Bean 'default.org.springframework.cloud.loadbalancer.config.BlockingLoadBalancerClientAutoConfiguration.LoadBalancerClientSpecification' of type [org.springframework.cloud.loadbalancer.annotation.LoadBalancerClientSpecification] is not eligible for getting processed by all BeanPostProcessors (for example: not eligible for auto-proxying). Is this bean getting eagerly injected into a currently created BeanPostProcessor [lbRestClientPostProcessor]? Check the corresponding BeanPostProcessor declaration and its dependencies.
2024-02-04T15:47:17.008+05:30  WARN 11100 --- [PRODUCT-SERVICE] [main] trationDelegate$BeanPostProcessorChecker : Bean 'default.org.springframework.cloud.netflix.eureka.loadbalancer.LoadBalancerEurekaAutoConfiguration.LoadBalancerClientSpecification' of type [org.springframework.cloud.loadbalancer.annotation.LoadBalancerClientSpecification] is not eligible for getting processed by all BeanPostProcessors (for example: not eligible for auto-proxying). Is this bean getting eagerly injected into a currently created BeanPostProcessor [lbRestClientPostProcessor]? Check the corresponding BeanPostProcessor declaration and its dependencies.
2024-02-04T15:47:17.011+05:30  WARN 11100 --- [PRODUCT-SERVICE] [main] trationDelegate$BeanPostProcessorChecker : Bean 'loadBalancerClientFactory' of type [org.springframework.cloud.loadbalancer.support.LoadBalancerClientFactory] is not eligible for getting processed by all BeanPostProcessors (for example: not eligible for auto-proxying). Is this bean getting eagerly injected into a currently created BeanPostProcessor [lbRestClientPostProcessor]? Check the corresponding BeanPostProcessor declaration and its dependencies.
2024-02-04T15:47:17.026+05:30  WARN 11100 --- [PRODUCT-SERVICE] [main] trationDelegate$BeanPostProcessorChecker : Bean 'blockingLoadBalancerClient' of type [org.springframework.cloud.loadbalancer.blocking.client.BlockingLoadBalancerClient] is not eligible for getting processed by all BeanPostProcessors (for example: not eligible for auto-proxying). Is this bean getting eagerly injected into a currently created BeanPostProcessor [lbRestClientPostProcessor]? Check the corresponding BeanPostProcessor declaration and its dependencies.
2024-02-04T15:47:17.043+05:30  WARN 11100 --- [PRODUCT-SERVICE] [main] trationDelegate$BeanPostProcessorChecker : Bean 'loadBalancerServiceInstanceCookieTransformer' of type [org.springframework.cloud.loadbalancer.core.LoadBalancerServiceInstanceCookieTransformer] is not eligible for getting processed by all BeanPostProcessors (for example: not eligible for auto-proxying). Is this bean getting eagerly injected into a currently created BeanPostProcessor [lbRestClientPostProcessor]? Check the corresponding BeanPostProcessor declaration and its dependencies.
2024-02-04T15:47:17.046+05:30  WARN 11100 --- [PRODUCT-SERVICE] [main] trationDelegate$BeanPostProcessorChecker : Bean 'xForwarderHeadersTransformer' of type [org.springframework.cloud.loadbalancer.blocking.XForwardedHeadersTransformer] is not eligible for getting processed by all BeanPostProcessors (for example: not eligible for auto-proxying). Is this bean getting eagerly injected into a currently created BeanPostProcessor [lbRestClientPostProcessor]? Check the corresponding BeanPostProcessor declaration and its dependencies.
2024-02-04T15:47:17.048+05:30  WARN 11100 --- [PRODUCT-SERVICE] [main] trationDelegate$BeanPostProcessorChecker : Bean 'org.springframework.cloud.client.loadbalancer.LoadBalancerAutoConfiguration' of type [org.springframework.cloud.client.loadbalancer.LoadBalancerAutoConfiguration] is not eligible for getting processed by all BeanPostProcessors (for example: not eligible for auto-proxying). Is this bean getting eagerly injected into a currently created BeanPostProcessor [lbRestClientPostProcessor]? Check the corresponding BeanPostProcessor declaration and its dependencies.
2024-02-04T15:47:17.051+05:30  WARN 11100 --- [PRODUCT-SERVICE] [main] trationDelegate$BeanPostProcessorChecker : Bean 'loadBalancerRequestFactory' of type [org.springframework.cloud.client.loadbalancer.LoadBalancerRequestFactory] is not eligible for getting processed by all BeanPostProcessors (for example: not eligible for auto-proxying). Is this bean getting eagerly injected into a currently created BeanPostProcessor [lbRestClientPostProcessor]? Check the corresponding BeanPostProcessor declaration and its dependencies.
2024-02-04T15:47:17.058+05:30  WARN 11100 --- [PRODUCT-SERVICE] [main] trationDelegate$BeanPostProcessorChecker : Bean 'loadBalancerInterceptor' of type [org.springframework.cloud.client.loadbalancer.LoadBalancerInterceptor] is not eligible for getting processed by all BeanPostProcessors (for example: not eligible for auto-proxying). Is this bean getting eagerly injected into a currently created BeanPostProcessor [lbRestClientPostProcessor]? Check the corresponding BeanPostProcessor declaration and its dependencies.
2024-02-04T15:47:17.657+05:30  INFO 11100 --- [PRODUCT-SERVICE] [main] o.s.b.w.embedded.tomcat.TomcatWebServer  : Tomcat initialized with port 8082 (http)
2024-02-04T15:47:17.686+05:30  INFO 11100 --- [PRODUCT-SERVICE] [main] o.apache.catalina.core.StandardService   : Starting service [Tomcat]
2024-02-04T15:47:17.687+05:30  INFO 11100 --- [PRODUCT-SERVICE] [main] o.apache.catalina.core.StandardEngine    : Starting Servlet engine: [Apache Tomcat/10.1.18]
2024-02-04T15:47:17.887+05:30  INFO 11100 --- [PRODUCT-SERVICE] [main] o.a.c.c.C.[Tomcat].[localhost].[/]       : Initializing Spring embedded WebApplicationContext
2024-02-04T15:47:17.888+05:30  INFO 11100 --- [PRODUCT-SERVICE] [main] w.s.c.ServletWebServerApplicationContext : Root WebApplicationContext: initialization completed in 4398 ms
2024-02-04T15:47:18.475+05:30  INFO 11100 --- [PRODUCT-SERVICE] [main] o.hibernate.jpa.internal.util.LogHelper  : HHH000204: Processing PersistenceUnitInfo [name: default]
2024-02-04T15:47:18.661+05:30  INFO 11100 --- [PRODUCT-SERVICE] [main] org.hibernate.Version                    : HHH000412: Hibernate ORM core version 6.4.1.Final
2024-02-04T15:47:18.817+05:30  INFO 11100 --- [PRODUCT-SERVICE] [main] o.h.c.internal.RegionFactoryInitiator    : HHH000026: Second-level cache disabled
2024-02-04T15:47:19.411+05:30  INFO 11100 --- [PRODUCT-SERVICE] [main] o.s.o.j.p.SpringPersistenceUnitInfo      : No LoadTimeWeaver setup: ignoring JPA class transformer
2024-02-04T15:47:19.474+05:30  INFO 11100 --- [PRODUCT-SERVICE] [main] com.zaxxer.hikari.HikariDataSource       : HikariPool-1 - Starting...
2024-02-04T15:47:20.871+05:30  INFO 11100 --- [PRODUCT-SERVICE] [main] com.zaxxer.hikari.pool.HikariPool        : HikariPool-1 - Added connection com.mysql.cj.jdbc.ConnectionImpl@7be859de
2024-02-04T15:47:20.875+05:30  INFO 11100 --- [PRODUCT-SERVICE] [main] com.zaxxer.hikari.HikariDataSource       : HikariPool-1 - Start completed.
2024-02-04T15:47:22.731+05:30  INFO 11100 --- [PRODUCT-SERVICE] [main] o.h.e.t.j.p.i.JtaPlatformInitiator       : HHH000489: No JTA platform available (set 'hibernate.transaction.jta.platform' to enable JTA platform integration)
2024-02-04T15:47:23.028+05:30  INFO 11100 --- [PRODUCT-SERVICE] [main] j.LocalContainerEntityManagerFactoryBean : Initialized JPA EntityManagerFactory for persistence unit 'default'
2024-02-04T15:47:23.921+05:30  WARN 11100 --- [PRODUCT-SERVICE] [main] JpaBaseConfiguration$JpaWebConfiguration : spring.jpa.open-in-view is enabled by default. Therefore, database queries may be performed during view rendering. Explicitly configure spring.jpa.open-in-view to disable this warning
2024-02-04T15:47:24.961+05:30  INFO 11100 --- [PRODUCT-SERVICE] [main] DiscoveryClientOptionalArgsConfiguration : Eureka HTTP Client uses RestTemplate.
2024-02-04T15:47:25.085+05:30  WARN 11100 --- [PRODUCT-SERVICE] [main] iguration$LoadBalancerCaffeineWarnLogger : Spring Cloud LoadBalancer is currently working with the default cache. While this cache implementation is useful for development and tests, it's recommended to use Caffeine cache in production.You can switch to using Caffeine cache, by adding it and org.springframework.cache.caffeine.CaffeineCacheManager to the classpath.
2024-02-04T15:47:25.163+05:30  INFO 11100 --- [PRODUCT-SERVICE] [main] o.s.c.n.eureka.InstanceInfoFactory       : Setting initial instance status as: STARTING
2024-02-04T15:47:25.592+05:30  INFO 11100 --- [PRODUCT-SERVICE] [main] com.netflix.discovery.DiscoveryClient    : Initializing Eureka in region us-east-1
2024-02-04T15:47:25.611+05:30  INFO 11100 --- [PRODUCT-SERVICE] [main] c.n.d.s.r.aws.ConfigClusterResolver      : Resolving eureka endpoints via configuration
2024-02-04T15:47:25.673+05:30  INFO 11100 --- [PRODUCT-SERVICE] [main] com.netflix.discovery.DiscoveryClient    : Disable delta property : false
2024-02-04T15:47:25.673+05:30  INFO 11100 --- [PRODUCT-SERVICE] [main] com.netflix.discovery.DiscoveryClient    : Single vip registry refresh property : null
2024-02-04T15:47:25.674+05:30  INFO 11100 --- [PRODUCT-SERVICE] [main] com.netflix.discovery.DiscoveryClient    : Force full registry fetch : false
2024-02-04T15:47:25.675+05:30  INFO 11100 --- [PRODUCT-SERVICE] [main] com.netflix.discovery.DiscoveryClient    : Application is null : false
2024-02-04T15:47:25.675+05:30  INFO 11100 --- [PRODUCT-SERVICE] [main] com.netflix.discovery.DiscoveryClient    : Registered Applications size is zero : true
2024-02-04T15:47:25.675+05:30  INFO 11100 --- [PRODUCT-SERVICE] [main] com.netflix.discovery.DiscoveryClient    : Application version is -1: true
2024-02-04T15:47:25.675+05:30  INFO 11100 --- [PRODUCT-SERVICE] [main] com.netflix.discovery.DiscoveryClient    : Getting all instance registry info from the eureka server
2024-02-04T15:47:26.182+05:30  INFO 11100 --- [PRODUCT-SERVICE] [main] com.netflix.discovery.DiscoveryClient    : The response status is 200
2024-02-04T15:47:26.187+05:30  INFO 11100 --- [PRODUCT-SERVICE] [main] com.netflix.discovery.DiscoveryClient    : Starting heartbeat executor: renew interval is: 30
2024-02-04T15:47:26.192+05:30  INFO 11100 --- [PRODUCT-SERVICE] [main] c.n.discovery.InstanceInfoReplicator     : InstanceInfoReplicator onDemand update allowed rate per min is 4
2024-02-04T15:47:26.215+05:30  INFO 11100 --- [PRODUCT-SERVICE] [main] com.netflix.discovery.DiscoveryClient    : Discovery Client initialized at timestamp 1707041846215 with initial instances count: 4
2024-02-04T15:47:26.224+05:30  INFO 11100 --- [PRODUCT-SERVICE] [main] o.s.c.n.e.s.EurekaServiceRegistry        : Registering application PRODUCT-SERVICE with eureka with status UP
2024-02-04T15:47:26.226+05:30  INFO 11100 --- [PRODUCT-SERVICE] [main] com.netflix.discovery.DiscoveryClient    : Saw local status change event StatusChangeEvent [timestamp=1707041846226, current=UP, previous=STARTING]
2024-02-04T15:47:26.230+05:30  INFO 11100 --- [PRODUCT-SERVICE] [DiscoveryClient-InstanceInfoReplicator-0] com.netflix.discovery.DiscoveryClient    : DiscoveryClient_PRODUCT-SERVICE/DESKTOP-T2O8CP6.cisco.com:PRODUCT-SERVICE:8082: registering service...
2024-02-04T15:47:26.272+05:30  INFO 11100 --- [PRODUCT-SERVICE] [main] o.s.b.w.embedded.tomcat.TomcatWebServer  : Tomcat started on port 8082 (http) with context path ''
2024-02-04T15:47:26.277+05:30  INFO 11100 --- [PRODUCT-SERVICE] [main] .s.c.n.e.s.EurekaAutoServiceRegistration : Updating port to 8082
2024-02-04T15:47:26.316+05:30  INFO 11100 --- [PRODUCT-SERVICE] [DiscoveryClient-InstanceInfoReplicator-0] com.netflix.discovery.DiscoveryClient    : DiscoveryClient_PRODUCT-SERVICE/DESKTOP-T2O8CP6.cisco.com:PRODUCT-SERVICE:8082 - registration status: 204
2024-02-04T15:47:26.335+05:30  INFO 11100 --- [PRODUCT-SERVICE] [main] com.product.ProductServiceApplication    : Started ProductServiceApplication in 16.172 seconds (process running for 17.083)
2024-02-04T15:47:49.185+05:30  INFO 11100 --- [PRODUCT-SERVICE] [http-nio-8082-exec-1] o.a.c.c.C.[Tomcat].[localhost].[/]       : Initializing Spring DispatcherServlet 'dispatcherServlet'
2024-02-04T15:47:49.188+05:30  INFO 11100 --- [PRODUCT-SERVICE] [http-nio-8082-exec-1] o.s.web.servlet.DispatcherServlet        : Initializing Servlet 'dispatcherServlet'
2024-02-04T15:47:49.191+05:30  INFO 11100 --- [PRODUCT-SERVICE] [http-nio-8082-exec-1] o.s.web.servlet.DispatcherServlet        : Completed initialization in 1 ms
2024-02-04T15:47:49.246+05:30  INFO 11100 --- [PRODUCT-SERVICE] [http-nio-8082-exec-1] com.product.service.ProductService       : Inside getProducts of ProductService
2024-02-04T15:47:49.826+05:30  INFO 11100 --- [PRODUCT-SERVICE] [http-nio-8082-exec-1] com.product.service.ProductService       : Product List : [Product(id=2, category=ProductCategory(id=4, categoryName=Electronics, productSet=[]), name=Samsung Mobile, description=Mobile, unitPrice=299999.00, imageUrl=some-url, active=true, unitsInStock=100, dateCreated=2024-02-01 11:54:37.635, lastUpdated=2024-02-01 14:07:35.305), Product(id=3, category=null, name=IQOO Z5, description=Mobile description, unitPrice=29000.00, imageUrl=demo, active=true, unitsInStock=990, dateCreated=2024-02-01 13:32:54.347, lastUpdated=2024-02-01 13:32:54.347)]
2024-02-04T15:48:08.190+05:30  INFO 11100 --- [PRODUCT-SERVICE] [http-nio-8082-exec-2] com.product.service.ProductService       : Inside getProducts of ProductService
2024-02-04T15:48:08.515+05:30  INFO 11100 --- [PRODUCT-SERVICE] [http-nio-8082-exec-2] com.product.service.ProductService       : Product List : [Product(id=2, category=ProductCategory(id=4, categoryName=Electronics, productSet=[]), name=Samsung Mobile, description=Mobile, unitPrice=299999.00, imageUrl=some-url, active=true, unitsInStock=100, dateCreated=2024-02-01 11:54:37.635, lastUpdated=2024-02-01 14:07:35.305), Product(id=3, category=null, name=IQOO Z5, description=Mobile description, unitPrice=29000.00, imageUrl=demo, active=true, unitsInStock=990, dateCreated=2024-02-01 13:32:54.347, lastUpdated=2024-02-01 13:32:54.347)]
2024-02-04T15:48:34.281+05:30  INFO 11100 --- [PRODUCT-SERVICE] [http-nio-8082-exec-6] com.product.service.ProductService       : Inside getProducts of ProductService
2024-02-04T15:48:34.610+05:30  INFO 11100 --- [PRODUCT-SERVICE] [http-nio-8082-exec-6] com.product.service.ProductService       : Product List : [Product(id=2, category=ProductCategory(id=4, categoryName=Electronics, productSet=[]), name=Samsung Mobile, description=Mobile, unitPrice=299999.00, imageUrl=some-url, active=true, unitsInStock=100, dateCreated=2024-02-01 11:54:37.635, lastUpdated=2024-02-01 14:07:35.305), Product(id=3, category=null, name=IQOO Z5, description=Mobile description, unitPrice=29000.00, imageUrl=demo, active=true, unitsInStock=990, dateCreated=2024-02-01 13:32:54.347, lastUpdated=2024-02-01 13:32:54.347)]
2024-02-04T15:49:48.914+05:30  INFO 11100 --- [PRODUCT-SERVICE] [http-nio-8082-exec-10] com.product.service.ProductService       : Inside getProducts of ProductService
2024-02-04T15:49:49.269+05:30  INFO 11100 --- [PRODUCT-SERVICE] [http-nio-8082-exec-10] com.product.service.ProductService       : Product List : [Product(id=2, category=ProductCategory(id=4, categoryName=Electronics, productSet=[]), name=Samsung Mobile, description=Mobile, unitPrice=299999.00, imageUrl=some-url, active=true, unitsInStock=100, dateCreated=2024-02-01 11:54:37.635, lastUpdated=2024-02-01 14:07:35.305), Product(id=3, category=null, name=IQOO Z5, description=Mobile description, unitPrice=29000.00, imageUrl=demo, active=true, unitsInStock=990, dateCreated=2024-02-01 13:32:54.347, lastUpdated=2024-02-01 13:32:54.347)]
2024-02-04T15:52:25.683+05:30  INFO 11100 --- [PRODUCT-SERVICE] [AsyncResolver-bootstrap-executor-0] c.n.d.s.r.aws.ConfigClusterResolver      : Resolving eureka endpoints via configuration
2024-02-04T15:56:36.500+05:30  INFO 11100 --- [PRODUCT-SERVICE] [http-nio-8082-exec-4] com.product.service.ProductService       : Inside getProducts of ProductService
2024-02-04T15:56:36.516+05:30  WARN 11100 --- [PRODUCT-SERVICE] [http-nio-8082-exec-4] com.zaxxer.hikari.pool.PoolBase          : HikariPool-1 - Failed to validate connection com.mysql.cj.jdbc.ConnectionImpl@7be859de (No operations allowed after connection closed.). Possibly consider using a shorter maxLifetime value.
2024-02-04T15:56:36.519+05:30  WARN 11100 --- [PRODUCT-SERVICE] [http-nio-8082-exec-4] com.zaxxer.hikari.pool.PoolBase          : HikariPool-1 - Failed to validate connection com.mysql.cj.jdbc.ConnectionImpl@5cd4496a (No operations allowed after connection closed.). Possibly consider using a shorter maxLifetime value.
2024-02-04T15:56:36.521+05:30  WARN 11100 --- [PRODUCT-SERVICE] [http-nio-8082-exec-4] com.zaxxer.hikari.pool.PoolBase          : HikariPool-1 - Failed to validate connection com.mysql.cj.jdbc.ConnectionImpl@5cbdf4bd (No operations allowed after connection closed.). Possibly consider using a shorter maxLifetime value.
2024-02-04T15:56:36.524+05:30  WARN 11100 --- [PRODUCT-SERVICE] [http-nio-8082-exec-4] com.zaxxer.hikari.pool.PoolBase          : HikariPool-1 - Failed to validate connection com.mysql.cj.jdbc.ConnectionImpl@79ed42dd (No operations allowed after connection closed.). Possibly consider using a shorter maxLifetime value.
2024-02-04T15:56:36.527+05:30  WARN 11100 --- [PRODUCT-SERVICE] [http-nio-8082-exec-4] com.zaxxer.hikari.pool.PoolBase          : HikariPool-1 - Failed to validate connection com.mysql.cj.jdbc.ConnectionImpl@3500f2c4 (No operations allowed after connection closed.). Possibly consider using a shorter maxLifetime value.
2024-02-04T15:56:36.530+05:30  WARN 11100 --- [PRODUCT-SERVICE] [http-nio-8082-exec-4] com.zaxxer.hikari.pool.PoolBase          : HikariPool-1 - Failed to validate connection com.mysql.cj.jdbc.ConnectionImpl@4be16217 (No operations allowed after connection closed.). Possibly consider using a shorter maxLifetime value.
2024-02-04T15:56:36.533+05:30  WARN 11100 --- [PRODUCT-SERVICE] [http-nio-8082-exec-4] com.zaxxer.hikari.pool.PoolBase          : HikariPool-1 - Failed to validate connection com.mysql.cj.jdbc.ConnectionImpl@784a7fca (No operations allowed after connection closed.). Possibly consider using a shorter maxLifetime value.
2024-02-04T15:56:36.893+05:30  INFO 11100 --- [PRODUCT-SERVICE] [http-nio-8082-exec-4] com.product.service.ProductService       : Product List : [Product(id=2, category=ProductCategory(id=4, categoryName=Electronics, productSet=[]), name=Samsung Mobile, description=Mobile, unitPrice=299999.00, imageUrl=some-url, active=true, unitsInStock=100, dateCreated=2024-02-01 11:54:37.635, lastUpdated=2024-02-01 14:07:35.305), Product(id=3, category=null, name=IQOO Z5, description=Mobile description, unitPrice=29000.00, imageUrl=demo, active=true, unitsInStock=990, dateCreated=2024-02-01 13:32:54.347, lastUpdated=2024-02-01 13:32:54.347)]
2024-02-04T15:57:25.699+05:30  INFO 11100 --- [PRODUCT-SERVICE] [AsyncResolver-bootstrap-executor-0] c.n.d.s.r.aws.ConfigClusterResolver      : Resolving eureka endpoints via configuration
2024-02-04T15:58:05.123+05:30  INFO 11100 --- [PRODUCT-SERVICE] [http-nio-8082-exec-8] com.product.service.ProductService       : Inside getProducts of ProductService
2024-02-04T15:58:05.474+05:30  INFO 11100 --- [PRODUCT-SERVICE] [http-nio-8082-exec-8] com.product.service.ProductService       : Product List : [Product(id=2, category=ProductCategory(id=4, categoryName=Electronics, productSet=[]), name=Samsung Mobile, description=Mobile, unitPrice=299999.00, imageUrl=some-url, active=true, unitsInStock=100, dateCreated=2024-02-01 11:54:37.635, lastUpdated=2024-02-01 14:07:35.305), Product(id=3, category=null, name=IQOO Z5, description=Mobile description, unitPrice=29000.00, imageUrl=demo, active=true, unitsInStock=990, dateCreated=2024-02-01 13:32:54.347, lastUpdated=2024-02-01 13:32:54.347)]
2024-02-04T16:02:25.701+05:30  INFO 11100 --- [PRODUCT-SERVICE] [AsyncResolver-bootstrap-executor-0] c.n.d.s.r.aws.ConfigClusterResolver      : Resolving eureka endpoints via configuration
2024-02-04T16:02:42.895+05:30  INFO 11100 --- [PRODUCT-SERVICE] [http-nio-8082-exec-2] com.product.service.ProductService       : Inside getProducts of ProductService
2024-02-04T16:02:43.252+05:30  INFO 11100 --- [PRODUCT-SERVICE] [http-nio-8082-exec-2] com.product.service.ProductService       : Product List : [Product(id=2, category=ProductCategory(id=4, categoryName=Electronics, productSet=[]), name=Samsung Mobile, description=Mobile, unitPrice=299999.00, imageUrl=some-url, active=true, unitsInStock=100, dateCreated=2024-02-01 11:54:37.635, lastUpdated=2024-02-01 14:07:35.305), Product(id=3, category=null, name=IQOO Z5, description=Mobile description, unitPrice=29000.00, imageUrl=demo, active=true, unitsInStock=990, dateCreated=2024-02-01 13:32:54.347, lastUpdated=2024-02-01 13:32:54.347)]
2024-02-04T16:03:32.250+05:30  INFO 11100 --- [PRODUCT-SERVICE] [SpringApplicationShutdownHook] o.s.c.n.e.s.EurekaServiceRegistry        : Unregistering application PRODUCT-SERVICE with eureka with status DOWN
2024-02-04T16:03:32.250+05:30  INFO 11100 --- [PRODUCT-SERVICE] [SpringApplicationShutdownHook] com.netflix.discovery.DiscoveryClient    : Saw local status change event StatusChangeEvent [timestamp=1707042812250, current=DOWN, previous=UP]
2024-02-04T16:03:32.250+05:30  INFO 11100 --- [PRODUCT-SERVICE] [DiscoveryClient-InstanceInfoReplicator-0] com.netflix.discovery.DiscoveryClient    : DiscoveryClient_PRODUCT-SERVICE/DESKTOP-T2O8CP6.cisco.com:PRODUCT-SERVICE:8082: registering service...
2024-02-04T16:03:32.260+05:30  INFO 11100 --- [PRODUCT-SERVICE] [SpringApplicationShutdownHook] j.LocalContainerEntityManagerFactoryBean : Closing JPA EntityManagerFactory for persistence unit 'default'
2024-02-04T16:03:32.260+05:30  INFO 11100 --- [PRODUCT-SERVICE] [DiscoveryClient-InstanceInfoReplicator-0] com.netflix.discovery.DiscoveryClient    : DiscoveryClient_PRODUCT-SERVICE/DESKTOP-T2O8CP6.cisco.com:PRODUCT-SERVICE:8082 - registration status: 204
2024-02-04T16:03:32.262+05:30  INFO 11100 --- [PRODUCT-SERVICE] [SpringApplicationShutdownHook] com.zaxxer.hikari.HikariDataSource       : HikariPool-1 - Shutdown initiated...
2024-02-04T16:03:32.305+05:30  INFO 11100 --- [PRODUCT-SERVICE] [SpringApplicationShutdownHook] com.zaxxer.hikari.HikariDataSource       : HikariPool-1 - Shutdown completed.
2024-02-04T16:03:32.308+05:30  INFO 11100 --- [PRODUCT-SERVICE] [SpringApplicationShutdownHook] com.netflix.discovery.DiscoveryClient    : Shutting down DiscoveryClient ...
2024-02-04T16:03:35.322+05:30  INFO 11100 --- [PRODUCT-SERVICE] [SpringApplicationShutdownHook] com.netflix.discovery.DiscoveryClient    : Unregistering ...
2024-02-04T16:03:35.338+05:30  INFO 11100 --- [PRODUCT-SERVICE] [SpringApplicationShutdownHook] com.netflix.discovery.DiscoveryClient    : DiscoveryClient_PRODUCT-SERVICE/DESKTOP-T2O8CP6.cisco.com:PRODUCT-SERVICE:8082 - deregister  status: 200
2024-02-04T16:03:35.342+05:30  INFO 11100 --- [PRODUCT-SERVICE] [SpringApplicationShutdownHook] com.netflix.discovery.DiscoveryClient    : Completed shut down of DiscoveryClient
